2023-09-14  0:32:24 0 [Note] Starting MariaDB 10.5.22-MariaDB source revision 7e650253dc488debcb0898ebe6d385bf6dfa3656 as process 10284
2023-09-14  0:32:24 0 [Note] InnoDB: The first innodb_system data file 'ibdata1' did not exist. A new tablespace will be created!
2023-09-14  0:32:24 0 [Note] InnoDB: Uses event mutexes
2023-09-14  0:32:24 0 [Note] InnoDB: Compressed tables use zlib 1.2.13
2023-09-14  0:32:24 0 [Note] InnoDB: Number of pools: 1
2023-09-14  0:32:24 0 [Note] InnoDB: Using crc32 + pclmulqdq instructions
2023-09-14  0:32:24 0 [Note] InnoDB: Initializing buffer pool, total size = 134217728, chunk size = 134217728
2023-09-14  0:32:24 0 [Note] InnoDB: Completed initialization of buffer pool
2023-09-14  0:32:24 0 [Note] InnoDB: Setting file '.\ibdata1' size to 12 MB. Physically writing the file full; Please wait ...
2023-09-14  0:32:24 0 [Note] InnoDB: File '.\ibdata1' size is now 12 MB.
2023-09-14  0:32:24 0 [Note] InnoDB: Setting log file .\ib_logfile101 size to 100663296 bytes
2023-09-14  0:32:24 0 [Note] InnoDB: Renaming log file .\ib_logfile101 to .\ib_logfile0
2023-09-14  0:32:24 0 [Note] InnoDB: New log file created, LSN=10317
2023-09-14  0:32:24 0 [Note] InnoDB: Doublewrite buffer not found: creating new
2023-09-14  0:32:24 0 [Note] InnoDB: Doublewrite buffer created
2023-09-14  0:32:24 0 [Note] InnoDB: 128 rollback segments are active.
2023-09-14  0:32:24 0 [Note] InnoDB: Creating foreign key constraint system tables.
2023-09-14  0:32:24 0 [Note] InnoDB: Creating tablespace and datafile system tables.
2023-09-14  0:32:24 0 [Note] InnoDB: Creating sys_virtual system tables.
2023-09-14  0:32:24 0 [Note] InnoDB: Creating shared tablespace for temporary tables
2023-09-14  0:32:24 0 [Note] InnoDB: Setting file '.\ibtmp1' size to 12 MB. Physically writing the file full; Please wait ...
2023-09-14  0:32:24 0 [Note] InnoDB: File '.\ibtmp1' size is now 12 MB.
2023-09-14  0:32:24 0 [Note] InnoDB: 10.5.22 started; log sequence number 0; transaction id 7
2023-09-14  0:32:24 0 [Note] Plugin 'FEEDBACK' is disabled.
2023-09-14  1:29:16 0 [Note] Starting MariaDB 10.5.22-MariaDB source revision 7e650253dc488debcb0898ebe6d385bf6dfa3656 as process 468
2023-09-14  1:29:16 0 [Note] InnoDB: Uses event mutexes
2023-09-14  1:29:16 0 [Note] InnoDB: Compressed tables use zlib 1.2.13
2023-09-14  1:29:16 0 [Note] InnoDB: Number of pools: 1
2023-09-14  1:29:16 0 [Note] InnoDB: Using crc32 + pclmulqdq instructions
2023-09-14  1:29:16 0 [Note] InnoDB: Initializing buffer pool, total size = 134217728, chunk size = 134217728
2023-09-14  1:29:16 0 [Note] InnoDB: Completed initialization of buffer pool
2023-09-14  1:29:16 0 [Note] InnoDB: 128 rollback segments are active.
2023-09-14  1:29:16 0 [Note] InnoDB: Creating shared tablespace for temporary tables
2023-09-14  1:29:16 0 [Note] InnoDB: Setting file '.\ibtmp1' size to 12 MB. Physically writing the file full; Please wait ...
2023-09-14  1:29:16 0 [Note] InnoDB: File '.\ibtmp1' size is now 12 MB.
2023-09-14  1:29:16 0 [Note] InnoDB: 10.5.22 started; log sequence number 45079; transaction id 20
2023-09-14  1:29:16 0 [Note] Plugin 'FEEDBACK' is disabled.
2023-09-14  1:29:16 0 [Note] InnoDB: Loading buffer pool(s) from C:\Works\mariadb-10.5.22-winx64\data\ib_buffer_pool
2023-09-14  1:29:16 0 [Note] InnoDB: Buffer pool(s) load completed at 230914  1:29:16
2023-09-14  1:29:16 0 [Note] Server socket created on IP: '::'.
2023-09-14  1:29:16 0 [Note] Reading of all Master_info entries succeeded
2023-09-14  1:29:16 0 [Note] Added new Master_info '' to hash table
2023-09-14  1:29:16 0 [Note] C:\Works\mariadb-10.5.22-winx64\bin\mysqld.exe: ready for connections.
Version: '10.5.22-MariaDB'  socket: ''  port: 3307  mariadb.org binary distribution
2023-09-14 17:28:01 14 [Warning] Aborted connection 14 to db: 'mydb' user: 'root' host: 'localhost' (Got timeout reading communication packets)
2023-09-15  0:24:21 0 [Note] C:\Works\mariadb-10.5.22-winx64\bin\mysqld.exe (initiated by: unknown): Normal shutdown
2023-09-15  0:24:21 0 [Note] Event Scheduler: Purging the queue. 0 events
2023-09-15  0:24:21 0 [Note] InnoDB: FTS optimize thread exiting.
2023-09-15  0:24:21 0 [Note] InnoDB: Starting shutdown...
2023-09-15  0:24:21 0 [Note] InnoDB: Dumping buffer pool(s) to C:\Works\mariadb-10.5.22-winx64\data\ib_buffer_pool
2023-09-15  0:24:21 0 [Note] InnoDB: Buffer pool(s) dump completed at 230915  0:24:21
2023-09-15  0:24:22 0 [Note] InnoDB: Removed temporary tablespace data file: "ibtmp1"
2023-09-15  0:24:22 0 [Note] InnoDB: Shutdown completed; log sequence number 61192; transaction id 75
2023-09-15  0:24:22 0 [Note] C:\Works\mariadb-10.5.22-winx64\bin\mysqld.exe: Shutdown complete

2023-09-15  0:24:48 0 [Note] Starting MariaDB 10.5.22-MariaDB source revision 7e650253dc488debcb0898ebe6d385bf6dfa3656 as process 5300
2023-09-15  0:24:48 0 [Note] InnoDB: Uses event mutexes
2023-09-15  0:24:48 0 [Note] InnoDB: Compressed tables use zlib 1.2.13
2023-09-15  0:24:48 0 [Note] InnoDB: Number of pools: 1
2023-09-15  0:24:48 0 [Note] InnoDB: Using crc32 + pclmulqdq instructions
2023-09-15  0:24:48 0 [Note] InnoDB: Initializing buffer pool, total size = 134217728, chunk size = 134217728
2023-09-15  0:24:48 0 [Note] InnoDB: Completed initialization of buffer pool
2023-09-15  0:24:48 0 [Note] InnoDB: 128 rollback segments are active.
2023-09-15  0:24:48 0 [Note] InnoDB: Creating shared tablespace for temporary tables
2023-09-15  0:24:48 0 [Note] InnoDB: Setting file '.\ibtmp1' size to 12 MB. Physically writing the file full; Please wait ...
2023-09-15  0:24:48 0 [Note] InnoDB: File '.\ibtmp1' size is now 12 MB.
2023-09-15  0:24:48 0 [Note] InnoDB: 10.5.22 started; log sequence number 61192; transaction id 76
2023-09-15  0:24:48 0 [Note] Plugin 'FEEDBACK' is disabled.
2023-09-15  0:24:48 0 [Note] InnoDB: Loading buffer pool(s) from C:\Works\mariadb-10.5.22-winx64\data\ib_buffer_pool
2023-09-15  0:24:48 0 [Note] Server socket created on IP: '::'.
2023-09-15  0:24:48 0 [Note] InnoDB: Buffer pool(s) load completed at 230915  0:24:48
2023-09-15  0:24:48 0 [Note] Reading of all Master_info entries succeeded
2023-09-15  0:24:48 0 [Note] Added new Master_info '' to hash table
2023-09-15  0:24:48 0 [Note] C:\Works\mariadb-10.5.22-winx64\bin\mysqld.exe: ready for connections.
Version: '10.5.22-MariaDB'  socket: ''  port: 3307  mariadb.org binary distribution
